{"total": {"lines":{"total":171,"covered":171,"skipped":0,"pct":100},"statements":{"total":171,"covered":171,"skipped":0,"pct":100},"functions":{"total":12,"covered":12,"skipped":0,"pct":100},"branches":{"total":29,"covered":29,"skipped":0,"pct":100}}
,"C:\\Programming\\personal\\couple-tasking\\src\\modules\\categories\\services\\CreateCategoryService.ts": {"lines":{"total":27,"covered":27,"skipped":0,"pct":100},"functions":{"total":2,"covered":2,"skipped":0,"pct":100},"statements":{"total":27,"covered":27,"skipped":0,"pct":100},"branches":{"total":4,"covered":4,"skipped":0,"pct":100}}
,"C:\\Programming\\personal\\couple-tasking\\src\\modules\\categories\\services\\DeleteCategoryService.ts": {"lines":{"total":25,"covered":25,"skipped":0,"pct":100},"functions":{"total":2,"covered":2,"skipped":0,"pct":100},"statements":{"total":25,"covered":25,"skipped":0,"pct":100},"branches":{"total":5,"covered":5,"skipped":0,"pct":100}}
,"C:\\Programming\\personal\\couple-tasking\\src\\modules\\categories\\services\\ListCategoriesService.ts": {"lines":{"total":23,"covered":23,"skipped":0,"pct":100},"functions":{"total":2,"covered":2,"skipped":0,"pct":100},"statements":{"total":23,"covered":23,"skipped":0,"pct":100},"branches":{"total":4,"covered":4,"skipped":0,"pct":100}}
,"C:\\Programming\\personal\\couple-tasking\\src\\modules\\tasks\\services\\CreateTaskService.ts": {"lines":{"total":48,"covered":48,"skipped":0,"pct":100},"functions":{"total":2,"covered":2,"skipped":0,"pct":100},"statements":{"total":48,"covered":48,"skipped":0,"pct":100},"branches":{"total":7,"covered":7,"skipped":0,"pct":100}}
,"C:\\Programming\\personal\\couple-tasking\\src\\modules\\tasks\\services\\DeleteTaskService.ts": {"lines":{"total":25,"covered":25,"skipped":0,"pct":100},"functions":{"total":2,"covered":2,"skipped":0,"pct":100},"statements":{"total":25,"covered":25,"skipped":0,"pct":100},"branches":{"total":5,"covered":5,"skipped":0,"pct":100}}
,"C:\\Programming\\personal\\couple-tasking\\src\\modules\\tasks\\services\\ListTasksService.ts": {"lines":{"total":23,"covered":23,"skipped":0,"pct":100},"functions":{"total":2,"covered":2,"skipped":0,"pct":100},"statements":{"total":23,"covered":23,"skipped":0,"pct":100},"branches":{"total":4,"covered":4,"skipped":0,"pct":100}}
}
