TN:
SF:src\modules\tasks\services\CreateTaskService.ts
FN:11,CreateTaskService
FN:16,Object.<anonymous>.CreateTaskService.execute
FNF:2
FNH:2
FNDA:7,CreateTaskService
FNDA:15,Object.<anonymous>.CreateTaskService.execute
DA:1,1
DA:2,1
DA:3,1
DA:4,1
DA:5,1
DA:6,1
DA:7,1
DA:8,1
DA:9,1
DA:10,3
DA:11,3
DA:12,7
DA:13,7
DA:14,7
DA:15,3
DA:16,3
DA:17,15
DA:18,15
DA:19,15
DA:20,15
DA:21,15
DA:22,15
DA:23,15
DA:24,15
DA:25,15
DA:26,15
DA:27,15
DA:28,15
DA:29,15
DA:30,15
DA:31,15
DA:32,15
DA:33,3
DA:34,1
DA:35,1
LF:35
LH:35
BRDA:10,0,0,3
BRDA:11,1,0,7
BRDA:16,2,0,15
BRDA:23,3,0,15
BRF:4
BRH:4
end_of_record
TN:
SF:src\modules\tasks\services\DeleteTaskService.ts
FN:9,DeleteTaskService
FN:14,Object.<anonymous>.DeleteTaskService.execute
FNF:2
FNH:2
FNDA:2,DeleteTaskService
FNDA:2,Object.<anonymous>.DeleteTaskService.execute
DA:1,1
DA:2,1
DA:3,1
DA:4,1
DA:5,1
DA:6,1
DA:7,1
DA:8,1
DA:9,1
DA:10,2
DA:11,2
DA:12,2
DA:13,1
DA:14,1
DA:15,2
DA:16,2
DA:17,2
DA:18,1
DA:19,1
DA:20,1
DA:21,1
DA:22,2
DA:23,1
DA:24,1
DA:25,1
LF:25
LH:25
BRDA:8,0,0,1
BRDA:9,1,0,2
BRDA:14,2,0,2
BRDA:15,3,0,2
BRDA:17,4,0,1
BRF:5
BRH:5
end_of_record
TN:
SF:src\modules\tasks\services\ListTasksService.ts
FN:11,ListTasksService
FN:16,Object.<anonymous>.ListTasksService.execute
FNF:2
FNH:2
FNDA:6,ListTasksService
FNDA:5,Object.<anonymous>.ListTasksService.execute
DA:1,1
DA:2,1
DA:3,1
DA:4,1
DA:5,1
DA:6,1
DA:7,1
DA:8,1
DA:9,1
DA:10,2
DA:11,2
DA:12,6
DA:13,6
DA:14,6
DA:15,2
DA:16,2
DA:17,5
DA:18,5
DA:19,5
DA:20,5
DA:21,2
DA:22,1
DA:23,1
LF:23
LH:23
BRDA:10,0,0,2
BRDA:11,1,0,6
BRDA:16,2,0,5
BRDA:17,3,0,5
BRF:4
BRH:4
end_of_record
